0 info it worked if it ends with ok
1 verbose cli [ 'node', '/usr/local/bin/npm', 'install', 'angular-resources' ]
2 info using npm@2.11.3
3 info using node@v0.12.7
4 verbose install initial load of /Users/evconsul/NetBeansProjects/appeducacion/package.json
5 warn package.json appeducacion@1.0.0 No repository field.
6 warn package.json appeducacion@1.0.0 No README data
7 warn package.json appeducacion@1.0.0 No license field.
8 verbose installManyTop reading scoped package data from /Users/evconsul/NetBeansProjects/appeducacion/node_modules/angular-resource/package.json
9 verbose readDependencies loading dependencies from /Users/evconsul/NetBeansProjects/appeducacion/package.json
10 silly cache add args [ 'angular-resources', null ]
11 verbose cache add spec angular-resources
12 silly cache add parsed spec { raw: 'angular-resources',
12 silly cache add   scope: null,
12 silly cache add   name: 'angular-resources',
12 silly cache add   rawSpec: '',
12 silly cache add   spec: '*',
12 silly cache add   type: 'range' }
13 silly addNamed angular-resources@*
14 verbose addNamed "*" is a valid semver range for angular-resources
15 silly addNameRange { name: 'angular-resources', range: '*', hasData: false }
16 silly mapToRegistry name angular-resources
17 silly mapToRegistry using default registry
18 silly mapToRegistry registry https://registry.npmjs.org/
19 silly mapToRegistry uri https://registry.npmjs.org/angular-resources
20 verbose addNameRange registry:https://registry.npmjs.org/angular-resources not in flight; fetching
21 verbose request uri https://registry.npmjs.org/angular-resources
22 verbose request no auth needed
23 info attempt registry request try #1 at 2:29:33 PM
24 verbose request id c7f6792efad7750b
25 http request GET https://registry.npmjs.org/angular-resources
26 http 404 https://registry.npmjs.org/angular-resources
27 verbose headers { 'content-type': 'application/json',
27 verbose headers   'cache-control': 'max-age=0',
27 verbose headers   'content-length': '2',
27 verbose headers   'accept-ranges': 'bytes',
27 verbose headers   date: 'Fri, 02 Oct 2015 19:29:34 GMT',
27 verbose headers   via: '1.1 varnish',
27 verbose headers   age: '0',
27 verbose headers   connection: 'keep-alive',
27 verbose headers   'x-served-by': 'cache-jfk1027-JFK',
27 verbose headers   'x-cache': 'MISS',
27 verbose headers   'x-cache-hits': '0',
27 verbose headers   'x-timer': 'S1443814174.416231,VS0,VE22' }
28 silly get cb [ 404,
28 silly get   { 'content-type': 'application/json',
28 silly get     'cache-control': 'max-age=0',
28 silly get     'content-length': '2',
28 silly get     'accept-ranges': 'bytes',
28 silly get     date: 'Fri, 02 Oct 2015 19:29:34 GMT',
28 silly get     via: '1.1 varnish',
28 silly get     age: '0',
28 silly get     connection: 'keep-alive',
28 silly get     'x-served-by': 'cache-jfk1027-JFK',
28 silly get     'x-cache': 'MISS',
28 silly get     'x-cache-hits': '0',
28 silly get     'x-timer': 'S1443814174.416231,VS0,VE22' } ]
29 verbose stack Error: Registry returned 404 for GET on https://registry.npmjs.org/angular-resources
29 verbose stack     at CachingRegistryClient.<anonymous> (/usr/local/lib/node_modules/npm/node_modules/npm-registry-client/lib/request.js:239:14)
29 verbose stack     at Request._callback (/usr/local/lib/node_modules/npm/node_modules/npm-registry-client/lib/request.js:170:14)
29 verbose stack     at Request.self.callback (/usr/local/lib/node_modules/npm/node_modules/request/request.js:354:22)
29 verbose stack     at Request.emit (events.js:110:17)
29 verbose stack     at Request.<anonymous> (/usr/local/lib/node_modules/npm/node_modules/request/request.js:1207:14)
29 verbose stack     at Request.emit (events.js:129:20)
29 verbose stack     at IncomingMessage.<anonymous> (/usr/local/lib/node_modules/npm/node_modules/request/request.js:1153:12)
29 verbose stack     at IncomingMessage.emit (events.js:129:20)
29 verbose stack     at _stream_readable.js:908:16
29 verbose stack     at process._tickCallback (node.js:355:11)
30 verbose statusCode 404
31 verbose pkgid angular-resources
32 verbose cwd /Users/evconsul/NetBeansProjects/appeducacion
33 error Darwin 14.0.0
34 error argv "node" "/usr/local/bin/npm" "install" "angular-resources"
35 error node v0.12.7
36 error npm  v2.11.3
37 error code E404
38 error 404 Registry returned 404 for GET on https://registry.npmjs.org/angular-resources
38 error 404
38 error 404 'angular-resources' is not in the npm registry.
38 error 404 You should bug the author to publish it (or use the name yourself!)
38 error 404 It was specified as a dependency of 'appeducacion'
38 error 404
38 error 404 Note that you can also install from a
38 error 404 tarball, folder, http url, or git url.
39 verbose exit [ 1, true ]
